\BOOKMARK [1][-]{section.1}{Installation}{}% 1
\BOOKMARK [2][-]{subsection.1.1}{Installation der Dateien}{section.1}% 2
\BOOKMARK [2][-]{subsection.1.2}{Setzen der Konstanten}{section.1}% 3
\BOOKMARK [2][-]{subsection.1.3}{Installation der Datenbank}{section.1}% 4
\BOOKMARK [2][-]{subsection.1.4}{Einrichten}{section.1}% 5
\BOOKMARK [1][-]{section.2}{Umsetzung}{}% 6
\BOOKMARK [2][-]{subsection.2.1}{Funktionsumfang}{section.2}% 7
\BOOKMARK [3][-]{subsubsection.2.1.1}{Erstellen von Auftr\344gen}{subsection.2.1}% 8
\BOOKMARK [3][-]{subsubsection.2.1.2}{Verwalten von Auftr\344gen}{subsection.2.1}% 9
\BOOKMARK [3][-]{subsubsection.2.1.3}{Bearbeiten von Auftr\344gen}{subsection.2.1}% 10
\BOOKMARK [3][-]{subsubsection.2.1.4}{Verwalten von Benutzern}{subsection.2.1}% 11
\BOOKMARK [2][-]{subsection.2.2}{Aufbau}{section.2}% 12
\BOOKMARK [2][-]{subsection.2.3}{Datenbank}{section.2}% 13
\BOOKMARK [2][-]{subsection.2.4}{Verwendete Komponenten und Bibliotheken}{section.2}% 14
\BOOKMARK [1][-]{section.3}{Benutzeroberfl\344che}{}% 15
\BOOKMARK [2][-]{subsection.3.1}{Verwaltung}{section.3}% 16
\BOOKMARK [2][-]{subsection.3.2}{Lagerist}{section.3}% 17
\BOOKMARK [2][-]{subsection.3.3}{Arbeiter}{section.3}% 18
\BOOKMARK [1][-]{section.4}{Fazit}{}% 19
\BOOKMARK [2][-]{subsection.4.1}{Einschr\344nkungen}{section.4}% 20
\BOOKMARK [2][-]{subsection.4.2}{Problemstellen}{section.4}% 21
\BOOKMARK [2][-]{subsection.4.3}{Lessons learned}{section.4}% 22
